C:\USERS\PAPA\MISSIONPLANNER 2012\EXTLIBS\MISSIONPLANNER.HUD.CLI\RELEASE\MISSIONPLANNER.HUD.CLI.PCH
C:\USERS\PAPA\MISSIONPLANNER 2012\EXTLIBS\MISSIONPLANNER.HUD.CLI\RELEASE\STDAFX.OBJ
C:\USERS\PAPA\MISSIONPLANNER 2012\EXTLIBS\MISSIONPLANNER.HUD.CLI\RELEASE\VC110.PDB
C:\USERS\PAPA\MISSIONPLANNER 2012\EXTLIBS\MISSIONPLANNER.HUD.CLI\RELEASE\MISSIONPLANNER.HUD.CLI.OBJ
C:\USERS\PAPA\MISSIONPLANNER 2012\EXTLIBS\MISSIONPLANNER.HUD.CLI\RELEASE\ASSEMBLYINFO.OBJ
C:\USERS\PAPA\MISSIONPLANNER 2012\EXTLIBS\MISSIONPLANNER.HUD.CLI\RELEASE\.NETFRAMEWORK,VERSION=V4.5.ASSEMBLYATTRIBUTES.OBJ
C:\USERS\PAPA\MISSIONPLANNER 2012\BIN\RELEASE\PLUGINS\MISSIONPLANNER.HUD.CLI.DLL
C:\USERS\PAPA\MISSIONPLANNER 2012\BIN\RELEASE\PLUGINS\MISSIONPLANNER.HUD.CLI.PDB
C:\USERS\PAPA\MISSIONPLANNER 2012\EXTLIBS\MISSIONPLANNER.HUD.CLI\RELEASE\METAGEN.WRITE.1.TLOG
C:\Users\papa\MissionPlanner 2012\bin\Release\plugins\GMap.NET.Core.dll
C:\Users\papa\MissionPlanner 2012\bin\Release\plugins\GMap.NET.Core.xml
C:\USERS\PAPA\MISSIONPLANNER 2012\EXTLIBS\MISSIONPLANNER.HUD.CLI\RELEASE\APP.RES
C:\Users\papa\MissionPlanner 2012\ExtLibs\MissionPlanner.HUD.CLI\Release\MissionPlanner.HUD.CLI.vcxprojResolveAssemblyReference.cache
C:\Users\papa\MissionPlanner 2012\ExtLibs\MissionPlanner.HUD.CLI\Release\.NETFramework,Version=v4.5.AssemblyAttributes.obj
C:\Users\papa\MissionPlanner 2012\ExtLibs\MissionPlanner.HUD.CLI\Release\AssemblyInfo.obj
C:\Users\papa\MissionPlanner 2012\ExtLibs\MissionPlanner.HUD.CLI\Release\MissionPlanner.HUD.CLI.obj
C:\Users\papa\MissionPlanner 2012\ExtLibs\MissionPlanner.HUD.CLI\Release\Stdafx.obj
C:\Users\papa\MissionPlanner 2012\ExtLibs\MissionPlanner.HUD.CLI\Release\cl.command.1.tlog
C:\Users\papa\MissionPlanner 2012\ExtLibs\MissionPlanner.HUD.CLI\Release\CL.read.1.tlog
C:\Users\papa\MissionPlanner 2012\ExtLibs\MissionPlanner.HUD.CLI\Release\CL.write.1.tlog
C:\Users\papa\MissionPlanner 2012\ExtLibs\MissionPlanner.HUD.CLI\Release\link-cvtres.read.1.tlog
C:\Users\papa\MissionPlanner 2012\ExtLibs\MissionPlanner.HUD.CLI\Release\link-cvtres.write.1.tlog
C:\Users\papa\MissionPlanner 2012\ExtLibs\MissionPlanner.HUD.CLI\Release\link-rc.read.1.tlog
C:\Users\papa\MissionPlanner 2012\ExtLibs\MissionPlanner.HUD.CLI\Release\link-rc.write.1.tlog
C:\Users\papa\MissionPlanner 2012\ExtLibs\MissionPlanner.HUD.CLI\Release\link.command.1.tlog
C:\Users\papa\MissionPlanner 2012\ExtLibs\MissionPlanner.HUD.CLI\Release\link.read.1.tlog
C:\Users\papa\MissionPlanner 2012\ExtLibs\MissionPlanner.HUD.CLI\Release\link.write.1.tlog
C:\Users\papa\MissionPlanner 2012\ExtLibs\MissionPlanner.HUD.CLI\Release\metagen.read.1.tlog
C:\Users\papa\MissionPlanner 2012\ExtLibs\MissionPlanner.HUD.CLI\Release\metagen.write.1.tlog
C:\Users\papa\MissionPlanner 2012\ExtLibs\MissionPlanner.HUD.CLI\Release\MissionPlanner.HUD.CLI.write.1.tlog
C:\Users\papa\MissionPlanner 2012\ExtLibs\MissionPlanner.HUD.CLI\Release\rc.command.1.tlog
C:\Users\papa\MissionPlanner 2012\ExtLibs\MissionPlanner.HUD.CLI\Release\rc.read.1.tlog
C:\Users\papa\MissionPlanner 2012\ExtLibs\MissionPlanner.HUD.CLI\Release\rc.write.1.tlog
C:\Users\papa\MissionPlanner 2012\ExtLibs\MissionPlanner.HUD.CLI\Release\app.res
C:\Users\papa\MissionPlanner 2012\ExtLibs\MissionPlanner.HUD.CLI\Release\MissionPlanner.HUD.CLI.pch
C:\Users\papa\MissionPlanner 2012\ExtLibs\MissionPlanner.HUD.CLI\Release\vc110.pdb
C:\Users\papa\MissionPlanner 2012\ExtLibs\MissionPlanner.HUD.CLI\Release\GEOUTILITY.DLL.metagen
C:\Users\papa\MissionPlanner 2012\ExtLibs\MissionPlanner.HUD.CLI\Release\GMAP.NET.CORE.DLL.metagen
C:\Users\papa\MissionPlanner 2012\ExtLibs\MissionPlanner.HUD.CLI\Release\MAVLINK.DLL.metagen
C:\Users\papa\MissionPlanner 2012\ExtLibs\MissionPlanner.HUD.CLI\Release\MISSIONPLANNER.COMMS.DLL.metagen
C:\Users\papa\MissionPlanner 2012\ExtLibs\MissionPlanner.HUD.CLI\Release\MISSIONPLANNER.CONTROLS.DLL.metagen
C:\Users\papa\MissionPlanner 2012\ExtLibs\MissionPlanner.HUD.CLI\Release\RSAENH.DLL.bi
C:\Users\papa\MissionPlanner 2012\ExtLibs\MissionPlanner.HUD.CLI\Release\TZRES.DLL.bi
C:\Users\papa\MissionPlanner 2012\ExtLibs\MissionPlanner.HUD.CLI\..\..\bin\Release\plugins\MissionPlanner.HUD.CLI.dll
