Build started 11/2/2014 5:22:55 PM.
     1>Project "C:\Users\papa\MissionPlanner 2012\ExtLibs\MissionPlanner.HUD.CLI\MissionPlanner.HUD.CLI.vcxproj" on node 2 (Build target(s)).
     1>InitializeBuildStatus:
         Touching "Release\MissionPlanner.HUD.CLI.unsuccessfulbuild".
       GenerateTargetFrameworkMonikerAttribute:
       Skipping target "GenerateTargetFrameworkMonikerAttribute" because all output files are up-to-date with respect to the input files.
       ClCompile:
         C:\Program Files (x86)\Microsoft Visual Studio 11.0\VC\bin\CL.exe /c /I..\..\QtGStreamerHUD /AI"C:\Program Files (x86)\Reference Assemblies\Microsoft\Framework\.NETFramework\v4.5\\" /AI"C:\Program Files (x86)\Windows Kits\8.0\References\CommonConfiguration\Neutral" /AI"C:\Program Files (x86)\Reference Assemblies\Microsoft\Framework\.NETFramework\v4.5\Facades\\" /Zi /clr /nologo /W3 /WX- /O2 /Oy- /D WIN32 /D NDEBUG /D _WINDLL /D _UNICODE /D UNICODE /EHa /MD /GS /fp:precise /Zc:wchar_t /Zc:forScope /Yc"stdafx.h" /Fp"Release\MissionPlanner.HUD.CLI.pch" /Fo"Release\\" /Fd"Release\vc110.pdb" /TP /FU"C:\Users\papa\MissionPlanner 2012\ExtLibs\GeoUtility\bin\Release\GeoUtility.dll" /FU"C:\Users\papa\MissionPlanner 2012\ExtLibs\GMap.NET.Core\bin\Release\GMap.NET.Core.dll" /FU"C:\Users\papa\MissionPlanner 2012\ExtLibs\Mavlink\bin\Release\MAVLink.dll" /FU"C:\Users\papa\MissionPlanner 2012\ExtLibs\Comms\bin\Release\MissionPlanner.Comms.dll" /FU"C:\Users\papa\MissionPlanner 2012\ExtLibs\Controls\bin\Release\MissionPlanner.Controls.dll" /FU"C:\Users\papa\MissionPlanner 2012\bin\Release\MissionPlanner.exe" /FU"C:\Users\papa\MissionPlanner 2012\ExtLibs\Utilities\bin\Release\MissionPlanner.Utilities.dll" /FU"C:\Program Files (x86)\Reference Assemblies\Microsoft\Framework\.NETFramework\v4.5\mscorlib.dll" /FU"C:\Program Files (x86)\Reference Assemblies\Microsoft\Framework\.NETFramework\v4.5\System.Core.dll" /FU"C:\Program Files (x86)\Reference Assemblies\Microsoft\Framework\.NETFramework\v4.5\System.Data.DataSetExtensions.dll" /FU"C:\Program Files (x86)\Reference Assemblies\Microsoft\Framework\.NETFramework\v4.5\System.Data.dll" /FU"C:\Program Files (x86)\Reference Assemblies\Microsoft\Framework\.NETFramework\v4.5\System.dll" /FU"C:\Program Files (x86)\Reference Assemblies\Microsoft\Framework\.NETFramework\v4.5\System.Drawing.dll" /FU"C:\Program Files (x86)\Reference Assemblies\Microsoft\Framework\.NETFramework\v4.5\System.Windows.Forms.dll" /FU"C:\Program Files (x86)\Reference Assemblies\Microsoft\Framework\.NETFramework\v4.5\System.Xml.dll" /FU"C:\Program Files (x86)\Reference Assemblies\Microsoft\Framework\.NETFramework\v4.5\System.Xml.Linq.dll" /analyze- /errorReport:prompt /clr:nostdlib Stdafx.cpp
         Stdafx.cpp
         C:\Program Files (x86)\Microsoft Visual Studio 11.0\VC\bin\CL.exe /c /I..\..\QtGStreamerHUD /AI"C:\Program Files (x86)\Reference Assemblies\Microsoft\Framework\.NETFramework\v4.5\\" /AI"C:\Program Files (x86)\Windows Kits\8.0\References\CommonConfiguration\Neutral" /AI"C:\Program Files (x86)\Reference Assemblies\Microsoft\Framework\.NETFramework\v4.5\Facades\\" /Zi /clr /nologo /W3 /WX- /O2 /Oy- /D WIN32 /D NDEBUG /D _WINDLL /D _UNICODE /D UNICODE /EHa /MD /GS /fp:precise /Zc:wchar_t /Zc:forScope /Yu"stdafx.h" /Fp"Release\MissionPlanner.HUD.CLI.pch" /Fo"Release\\" /Fd"Release\vc110.pdb" /TP /FU"C:\Users\papa\MissionPlanner 2012\ExtLibs\GeoUtility\bin\Release\GeoUtility.dll" /FU"C:\Users\papa\MissionPlanner 2012\ExtLibs\GMap.NET.Core\bin\Release\GMap.NET.Core.dll" /FU"C:\Users\papa\MissionPlanner 2012\ExtLibs\Mavlink\bin\Release\MAVLink.dll" /FU"C:\Users\papa\MissionPlanner 2012\ExtLibs\Comms\bin\Release\MissionPlanner.Comms.dll" /FU"C:\Users\papa\MissionPlanner 2012\ExtLibs\Controls\bin\Release\MissionPlanner.Controls.dll" /FU"C:\Users\papa\MissionPlanner 2012\bin\Release\MissionPlanner.exe" /FU"C:\Users\papa\MissionPlanner 2012\ExtLibs\Utilities\bin\Release\MissionPlanner.Utilities.dll" /FU"C:\Program Files (x86)\Reference Assemblies\Microsoft\Framework\.NETFramework\v4.5\mscorlib.dll" /FU"C:\Program Files (x86)\Reference Assemblies\Microsoft\Framework\.NETFramework\v4.5\System.Core.dll" /FU"C:\Program Files (x86)\Reference Assemblies\Microsoft\Framework\.NETFramework\v4.5\System.Data.DataSetExtensions.dll" /FU"C:\Program Files (x86)\Reference Assemblies\Microsoft\Framework\.NETFramework\v4.5\System.Data.dll" /FU"C:\Program Files (x86)\Reference Assemblies\Microsoft\Framework\.NETFramework\v4.5\System.dll" /FU"C:\Program Files (x86)\Reference Assemblies\Microsoft\Framework\.NETFramework\v4.5\System.Drawing.dll" /FU"C:\Program Files (x86)\Reference Assemblies\Microsoft\Framework\.NETFramework\v4.5\System.Windows.Forms.dll" /FU"C:\Program Files (x86)\Reference Assemblies\Microsoft\Framework\.NETFramework\v4.5\System.Xml.dll" /FU"C:\Program Files (x86)\Reference Assemblies\Microsoft\Framework\.NETFramework\v4.5\System.Xml.Linq.dll" /analyze- /errorReport:prompt /clr:nostdlib AssemblyInfo.cpp MissionPlanner.HUD.CLI.cpp
         AssemblyInfo.cpp
         MissionPlanner.HUD.CLI.cpp
         Generating Code...
         C:\Program Files (x86)\Microsoft Visual Studio 11.0\VC\bin\CL.exe /c /I..\..\QtGStreamerHUD /Zi /clr /nologo /W3 /WX- /O2 /Oy- /D WIN32 /D NDEBUG /D _WINDLL /D _UNICODE /D UNICODE /EHa /MD /GS /fp:precise /Zc:wchar_t /Zc:forScope /Fo"Release\\" /Fd"Release\vc110.pdb" /TP /analyze- /errorReport:prompt "C:\Users\papa\AppData\Local\Temp\.NETFramework,Version=v4.5.AssemblyAttributes.cpp"
         .NETFramework,Version=v4.5.AssemblyAttributes.cpp
       ManagedIncrementalBuildPostProcessDependencyGraph:
         To improve incremental build performance for managed components, please make sure that the 'VC++ Directories->Reference Directories' points to all the paths which contain the referenced managed assemblies.
         Could not load file or assembly 'MissionPlanner.Controls, Version=1.0.0.0, Culture=neutral, PublicKeyToken=null' or one of its dependencies. The system cannot find the file specified.
         To improve incremental build performance for managed components, please make sure that the 'VC++ Directories->Reference Directories' points to all the paths which contain the referenced managed assemblies.
         Could not load file or assembly 'MissionPlanner, Version=1.1.5419.31261, Culture=neutral, PublicKeyToken=null' or one of its dependencies. The system cannot find the file specified.
         To improve incremental build performance for managed components, please make sure that the 'VC++ Directories->Reference Directories' points to all the paths which contain the referenced managed assemblies.
         Could not load file or assembly 'MissionPlanner.Utilities, Version=1.0.0.0, Culture=neutral, PublicKeyToken=null' or one of its dependencies. The system cannot find the file specified.
       ResourceCompile:
         C:\Program Files (x86)\Windows Kits\8.0\bin\x86\rc.exe /D _UNICODE /D UNICODE /l"0x0409" /nologo /fo"Release\app.res" app.rc 
       Link:
         C:\Program Files (x86)\Microsoft Visual Studio 11.0\VC\bin\link.exe /ERRORREPORT:PROMPT /OUT:"..\..\bin\Release\plugins\MissionPlanner.HUD.CLI.dll" /INCREMENTAL:NO /NOLOGO /LIBPATH:..\..\bin\Release\plugins\ QtGStreamerHUD.lib Shell32.lib /MANIFEST /MANIFESTUAC:"level='asInvoker' uiAccess='false'" /manifest:embed /DEBUG /PDB:"..\..\bin\Release\plugins\MissionPlanner.HUD.CLI.pdb" /TLBID:1 /DYNAMICBASE /FIXED:NO /NXCOMPAT /MACHINE:X86 /SAFESEH /DLL Release\app.res
         Release\AssemblyInfo.obj
         Release\MissionPlanner.HUD.CLI.obj
         Release\Stdafx.obj
         "Release\.NETFramework,Version=v4.5.AssemblyAttributes.obj"
         MissionPlanner.HUD.CLI.vcxproj -> C:\Users\papa\MissionPlanner 2012\ExtLibs\MissionPlanner.HUD.CLI\..\..\bin\Release\plugins\MissionPlanner.HUD.CLI.dll
       MetaGen:
         To improve incremental build performance for managed components, please make sure that the 'VC++ Directories->Reference Directories' points to all the paths which contain the referenced managed assemblies.
         Could not load file or assembly 'MissionPlanner.HUD.CLI, Version=1.0.5419.31293, Culture=neutral, PublicKeyToken=null' or one of its dependencies. The system cannot find the file specified.
       FinalizeBuildStatus:
         Deleting file "Release\MissionPlanner.HUD.CLI.unsuccessfulbuild".
         Touching "Release\MissionPlanner.HUD.CLI.lastbuildstate".
     1>Done Building Project "C:\Users\papa\MissionPlanner 2012\ExtLibs\MissionPlanner.HUD.CLI\MissionPlanner.HUD.CLI.vcxproj" (Build target(s)).

Build succeeded.

Time Elapsed 00:00:12.37
