C:\USERS\PAPA\MISSIONPLANNER 2012\QTGSTREAMERHUD\RELEASE\QTGSTREAMERHUD.PCH
C:\USERS\PAPA\MISSIONPLANNER 2012\QTGSTREAMERHUD\RELEASE\STDAFX.OBJ
C:\USERS\PAPA\MISSIONPLANNER 2012\QTGSTREAMERHUD\RELEASE\VC110.PDB
C:\USERS\PAPA\MISSIONPLANNER 2012\QTGSTREAMERHUD\RELEASE\CCURRENTSTATE.OBJ
C:\USERS\PAPA\MISSIONPLANNER 2012\QTGSTREAMERHUD\RELEASE\HUDAPPLICATON.OBJ
C:\USERS\PAPA\MISSIONPLANNER 2012\QTGSTREAMERHUD\RELEASE\QCURRENTSTATE.OBJ
C:\USERS\PAPA\MISSIONPLANNER 2012\QTGSTREAMERHUD\RELEASE\GSTREAMERPLAYER.OBJ
C:\USERS\PAPA\MISSIONPLANNER 2012\QTGSTREAMERHUD\RELEASE\LINKINTERFACE.OBJ
C:\USERS\PAPA\MISSIONPLANNER 2012\QTGSTREAMERHUD\RELEASE\MEDIAAPP.OBJ
C:\USERS\PAPA\MISSIONPLANNER 2012\QTGSTREAMERHUD\RELEASE\PLAYER.OBJ
C:\USERS\PAPA\MISSIONPLANNER 2012\QTGSTREAMERHUD\RELEASE\PRIMARYFLIGHTDISPLAYQML.OBJ
C:\USERS\PAPA\MISSIONPLANNER 2012\QTGSTREAMERHUD\RELEASE\QTGSTREAMERHUD.OBJ
C:\USERS\PAPA\MISSIONPLANNER 2012\QTGSTREAMERHUD\RELEASE\UASINTERFACE.OBJ
C:\USERS\PAPA\MISSIONPLANNER 2012\QTGSTREAMERHUD\RELEASE\DLLMAIN.OBJ
C:\USERS\PAPA\MISSIONPLANNER 2012\BIN\RELEASE\PLUGINS\QTGSTREAMERHUD.DLL
C:\USERS\PAPA\MISSIONPLANNER 2012\BIN\RELEASE\PLUGINS\QTGSTREAMERHUD.PDB
C:\Users\papa\MissionPlanner 2012\bin\Release\plugins\QtGstreamerHUD.lib
C:\Users\papa\MissionPlanner 2012\bin\Release\plugins\QtGstreamerHUD.exp
C:\Users\papa\MissionPlanner 2012\QtGstreamerHUD\Release\CCurrentState.obj
C:\Users\papa\MissionPlanner 2012\QtGstreamerHUD\Release\dllmain.obj
C:\Users\papa\MissionPlanner 2012\QtGstreamerHUD\Release\GStreamerPlayer.obj
C:\Users\papa\MissionPlanner 2012\QtGstreamerHUD\Release\HUDApplicaton.obj
C:\Users\papa\MissionPlanner 2012\QtGstreamerHUD\Release\LinkInterface.obj
C:\Users\papa\MissionPlanner 2012\QtGstreamerHUD\Release\mediaapp.obj
C:\Users\papa\MissionPlanner 2012\QtGstreamerHUD\Release\player.obj
C:\Users\papa\MissionPlanner 2012\QtGstreamerHUD\Release\PrimaryFlightDisplayQML.obj
C:\Users\papa\MissionPlanner 2012\QtGstreamerHUD\Release\QCurrentState.obj
C:\Users\papa\MissionPlanner 2012\QtGstreamerHUD\Release\QtGstreamerHUD.obj
C:\Users\papa\MissionPlanner 2012\QtGstreamerHUD\Release\stdafx.obj
C:\Users\papa\MissionPlanner 2012\QtGstreamerHUD\Release\UASInterface.obj
C:\Users\papa\MissionPlanner 2012\QtGstreamerHUD\Release\cl.command.1.tlog
C:\Users\papa\MissionPlanner 2012\QtGstreamerHUD\Release\CL.read.1.tlog
C:\Users\papa\MissionPlanner 2012\QtGstreamerHUD\Release\CL.write.1.tlog
C:\Users\papa\MissionPlanner 2012\QtGstreamerHUD\Release\link-cvtres.read.1.tlog
C:\Users\papa\MissionPlanner 2012\QtGstreamerHUD\Release\link-cvtres.write.1.tlog
C:\Users\papa\MissionPlanner 2012\QtGstreamerHUD\Release\link-rc.read.1.tlog
C:\Users\papa\MissionPlanner 2012\QtGstreamerHUD\Release\link-rc.write.1.tlog
C:\Users\papa\MissionPlanner 2012\QtGstreamerHUD\Release\link.command.1.tlog
C:\Users\papa\MissionPlanner 2012\QtGstreamerHUD\Release\link.read.1.tlog
C:\Users\papa\MissionPlanner 2012\QtGstreamerHUD\Release\link.write.1.tlog
C:\Users\papa\MissionPlanner 2012\QtGstreamerHUD\Release\QtGstreamerHUD.write.1.tlog
C:\Users\papa\MissionPlanner 2012\QtGstreamerHUD\Release\QtGstreamerHUD.pch
C:\Users\papa\MissionPlanner 2012\QtGstreamerHUD\Release\vc110.idb
C:\Users\papa\MissionPlanner 2012\QtGstreamerHUD\Release\vc110.pdb
C:\Users\papa\MissionPlanner 2012\QtGstreamerHUD\..\bin\Release\plugins\QtGstreamerHUD.dll
