Build started 11/2/2014 9:02:25 AM.
     1>Project "C:\Users\papa\MissionPlanner\QtGstreamerHUD\QtGstreamerHUD.vcxproj" on node 2 (build target(s)).
     1>InitializeBuildStatus:
         Creating "Debug\QtGstreamerHUD.unsuccessfulbuild" because "AlwaysCreate" was specified.
       PreBuildEvent:
         setlocal
         cd C:\Users\papa\MissionPlanner\QtGstreamerHUD
         if %errorlevel% neq 0 goto :cmEnd
         C:
         if %errorlevel% neq 0 goto :cmEnd
         C:\Qt\5.3\msvc2010_opengl\bin\moc.exe mediaapp.h -o moc_mediaapp.cpp
         C:\Qt\5.3\msvc2010_opengl\bin\moc.exe player.h -o moc_player.cpp
         C:\Qt\5.3\msvc2010_opengl\bin\moc.exe GStreamerPlayer.h -o moc_GStreamerPlayer.cpp
         C:\Qt\5.3\msvc2010_opengl\bin\moc.exe PrimaryFlightDisplayQML.h -o moc_PrimaryFlightDisplayQML.cpp
         C:\Qt\5.3\msvc2010_opengl\bin\moc.exe UASInterface.h -o moc_UASInterface.cpp
         C:\Qt\5.3\msvc2010_opengl\bin\moc.exe LinkInterface.h -o moc_LinkInterface.cpp
         C:\Qt\5.3\msvc2010_opengl\bin\moc.exe QtGstreamerHUD.h -o moc_QtGstreamerHUD.cpp
         C:\Qt\5.3\msvc2010_opengl\bin\moc.exe QCurrentState.h -o moc_QCurrentState.cpp
         C:\Qt\5.3\msvc2010_opengl\bin\moc.exe HUDApplication.h -o moc_HUDApplication.cpp
         if %errorlevel% neq 0 goto :cmEnd
         :cmEnd
         endlocal & call :cmErrorLevel %errorlevel% & goto :cmDone
         :cmErrorLevel
         exit /b %1
         :cmDone
         if %errorlevel% neq 0 goto :VCEnd
         :VCEnd
         QtGstreamerHUD.h(34): Note: No relevant classes found. No output generated.
       ClCompile:
         All outputs are up-to-date.
         C:\Program Files (x86)\Microsoft Visual Studio 10.0\VC\bin\CL.exe /c /I"c:\qt-gstreamer-1.2.0\src" /I"C:\Program Files\boost\boost_1_43_0" /IC:\Qt\5.3\msvc2010_opengl\include /IC:\Qt\5.3\msvc2010_opengl\include\QtGui /I"C:\Qt\5.3\msvc2010_opengl\mkspecs\win32-msvc2010" /IC:\Qt\5.3\msvc2010_opengl\include\QtCore /IC:\Qt\5.3\msvc2010_opengl\include\QtWidgets /I.\mavlink\include\mavlink\v1.0\ardupilotmega /I.\lib\msinttypes /ZI /nologo /W3 /WX- /Od /Oy- /D WIN32 /D _DEBUG /D _WINDOWS /D _USRDLL /D QTGSTREAMERHUD_EXPORTS /D _WINDLL /D _UNICODE /D UNICODE /Gm /EHsc /RTC1 /MDd /GS /fp:precise /Zc:wchar_t /Zc:forScope /Yu"StdAfx.h" /Fp"Debug\QtGstreamerHUD.pch" /Fo"Debug\\" /Fd"Debug\vc100.pdb" /Gd /TP /analyze- /errorReport:prompt GStreamerPlayer.cpp HUDApplicaton.cpp LinkInterface.cpp PrimaryFlightDisplayQML.cpp QCurrentState.cpp QtGstreamerHUD.cpp UASInterface.cpp mediaapp.cpp player.cpp
         PrimaryFlightDisplayQML.cpp
         Generating Code...
         Compiling...
         GStreamerPlayer.cpp
         Generating Code...
         Compiling...
         HUDApplicaton.cpp
         Generating Code...
         Compiling...
         LinkInterface.cpp
         Generating Code...
         Compiling...
         QCurrentState.cpp
         Generating Code...
         Compiling...
         QtGstreamerHUD.cpp
         Generating Code...
         Compiling...
         UASInterface.cpp
         Generating Code...
         Compiling...
         mediaapp.cpp
         Generating Code...
         Compiling...
         player.cpp
         Generating Code...
         All outputs are up-to-date.
       ManifestResourceCompile:
         All outputs are up-to-date.
       Link:
         C:\Program Files (x86)\Microsoft Visual Studio 10.0\VC\bin\link.exe /ERRORREPORT:PROMPT /OUT:"..\bin\Debug\plugins\QtGstreamerHUD.dll" /INCREMENTAL /NOLOGO "c:\qt-gstreamer-1.2.0\build\src\QGst\Debug\Qt5GStreamerUi-1.0.lib" C:\Qt\5.3\msvc2010_opengl\lib\Qt5Cored.lib C:\Qt\5.3\msvc2010_opengl\lib\Qt5Guid.lib C:\Qt\5.3\msvc2010_opengl\lib\Qt5Widgetsd.lib C:\Qt\5.3\msvc2010_opengl\lib\Qt5Quickd.lib C:\Qt\5.3\msvc2010_opengl\lib\Qt5QuickWidgetsd.lib C:\Qt\5.3\msvc2010_opengl\lib\Qt5Qmld.lib "c:\qt-gstreamer-1.2.0\build\src\QGst\Debug\Qt5GStreamer-1.0.lib" "c:\qt-gstreamer-1.2.0\build\src\QGlib\Debug\Qt5GLib-2.0.lib" "C:\qt-gstreamer-1.2.0\build\src\QGst\Debug\Qt5GStreamerQuick-1.0.lib" kernel32.lib user32.lib gdi32.lib winspool.lib comdlg32.lib advapi32.lib shell32.lib ole32.lib oleaut32.lib uuid.lib odbc32.lib odbccp32.lib /MANIFEST /ManifestFile:"Debug\QtGstreamerHUD.dll.intermediate.manifest" /MANIFESTUAC:"level='asInvoker' uiAccess='false'" /DEBUG /PDB:"C:\Users\papa\MissionPlanner\bin\Debug\plugins\QtGstreamerHUD.pdb" /SUBSYSTEM:WINDOWS /TLBID:1 /DYNAMICBASE /NXCOMPAT /IMPLIB:"..\bin\Debug\plugins\QtGstreamerHUD.lib" /MACHINE:X86 /DLL Debug\QtGstreamerHUD.dll.embed.manifest.res
         Debug\CCurrentState.obj
         Debug\HUDApplicaton.obj
         Debug\QCurrentState.obj
         Debug\dllmain.obj
         Debug\GStreamerPlayer.obj
         Debug\LinkInterface.obj
         Debug\mediaapp.obj
         Debug\player.obj
         Debug\PrimaryFlightDisplayQML.obj
         Debug\QtGstreamerHUD.obj
         Debug\stdafx.obj
         Debug\UASInterface.obj
            Creating library ..\bin\Debug\plugins\QtGstreamerHUD.lib and object ..\bin\Debug\plugins\QtGstreamerHUD.exp
       Manifest:
         C:\Program Files (x86)\Microsoft SDKs\Windows\v7.0A\bin\mt.exe /nologo /verbose /out:"Debug\QtGstreamerHUD.dll.embed.manifest" /manifest Debug\QtGstreamerHUD.dll.intermediate.manifest
         All outputs are up-to-date.
       LinkEmbedManifest:
         All outputs are up-to-date.
         QtGstreamerHUD.vcxproj -> C:\Users\papa\MissionPlanner\QtGstreamerHUD\..\bin\Debug\plugins\QtGstreamerHUD.dll
       FinalizeBuildStatus:
         Deleting file "Debug\QtGstreamerHUD.unsuccessfulbuild".
         Touching "Debug\QtGstreamerHUD.lastbuildstate".
     1>Done Building Project "C:\Users\papa\MissionPlanner\QtGstreamerHUD\QtGstreamerHUD.vcxproj" (build target(s)).

Build succeeded.

Time Elapsed 00:00:45.77
