..\bin\Debug\plugins\QtGstreamerHUD.ilk
..\bin\Debug\plugins\QtGstreamerHUD.pdb
C:\USERS\PAPA\MISSIONPLANNER\BIN\DEBUG\PLUGINS\QTGSTREAMERHUD.DLL
C:\Users\papa\MissionPlanner\bin\Debug\plugins\QtGstreamerHUD.exp
C:\USERS\PAPA\MISSIONPLANNER\BIN\DEBUG\PLUGINS\QTGSTREAMERHUD.ILK
C:\Users\papa\MissionPlanner\bin\Debug\plugins\QtGstreamerHUD.lib
C:\USERS\PAPA\MISSIONPLANNER\BIN\DEBUG\PLUGINS\QTGSTREAMERHUD.PDB
C:\Users\papa\MissionPlanner\QtGstreamerHUD\..\bin\Debug\plugins\QtGstreamerHUD.dll
C:\Users\papa\MissionPlanner\QtGstreamerHUD\Debug\cl.command.1.tlog
C:\Users\papa\MissionPlanner\QtGstreamerHUD\Debug\CL.read.1.tlog
C:\Users\papa\MissionPlanner\QtGstreamerHUD\Debug\CL.write.1.tlog
C:\USERS\PAPA\MISSIONPLANNER\QTGSTREAMERHUD\DEBUG\DLLMAIN.OBJ
C:\Users\papa\MissionPlanner\QtGstreamerHUD\Debug\link.11464.read.1.tlog
C:\Users\papa\MissionPlanner\QtGstreamerHUD\Debug\link.11464.write.1.tlog
C:\Users\papa\MissionPlanner\QtGstreamerHUD\Debug\link.11464-cvtres.read.1.tlog
C:\Users\papa\MissionPlanner\QtGstreamerHUD\Debug\link.11464-cvtres.write.1.tlog
C:\Users\papa\MissionPlanner\QtGstreamerHUD\Debug\link.command.1.tlog
C:\Users\papa\MissionPlanner\QtGstreamerHUD\Debug\link.read.1.tlog
C:\Users\papa\MissionPlanner\QtGstreamerHUD\Debug\link.write.1.tlog
C:\Users\papa\MissionPlanner\QtGstreamerHUD\Debug\link-cvtres.read.1.tlog
C:\Users\papa\MissionPlanner\QtGstreamerHUD\Debug\link-cvtres.write.1.tlog
C:\USERS\PAPA\MISSIONPLANNER\QTGSTREAMERHUD\DEBUG\MEDIAAPP.OBJ
C:\Users\papa\MissionPlanner\QtGstreamerHUD\Debug\mt.command.1.tlog
C:\Users\papa\MissionPlanner\QtGstreamerHUD\Debug\mt.read.1.tlog
C:\Users\papa\MissionPlanner\QtGstreamerHUD\Debug\mt.write.1.tlog
C:\USERS\PAPA\MISSIONPLANNER\QTGSTREAMERHUD\DEBUG\PLAYER.OBJ
C:\USERS\PAPA\MISSIONPLANNER\QTGSTREAMERHUD\DEBUG\QTGSTREAMERHUD.DLL.EMBED.MANIFEST
C:\USERS\PAPA\MISSIONPLANNER\QTGSTREAMERHUD\DEBUG\QTGSTREAMERHUD.DLL.EMBED.MANIFEST.RES
C:\USERS\PAPA\MISSIONPLANNER\QTGSTREAMERHUD\DEBUG\QTGSTREAMERHUD.DLL.INTERMEDIATE.MANIFEST
C:\USERS\PAPA\MISSIONPLANNER\QTGSTREAMERHUD\DEBUG\QTGSTREAMERHUD.OBJ
C:\USERS\PAPA\MISSIONPLANNER\QTGSTREAMERHUD\DEBUG\QTGSTREAMERHUD.PCH
C:\Users\papa\MissionPlanner\QtGstreamerHUD\Debug\QtGstreamerHUD.vcxprojResolveAssemblyReference.cache
C:\Users\papa\MissionPlanner\QtGstreamerHUD\Debug\QtGstreamerHUD.write.1.tlog
C:\Users\papa\MissionPlanner\QtGstreamerHUD\Debug\QtGstreamerHUD_manifest.rc
C:\Users\papa\MissionPlanner\QtGstreamerHUD\Debug\rc.command.1.tlog
C:\Users\papa\MissionPlanner\QtGstreamerHUD\Debug\rc.read.1.tlog
C:\Users\papa\MissionPlanner\QtGstreamerHUD\Debug\rc.write.1.tlog
C:\USERS\PAPA\MISSIONPLANNER\QTGSTREAMERHUD\DEBUG\STDAFX.OBJ
C:\Users\papa\MissionPlanner\QtGstreamerHUD\Debug\vc100.idb
C:\USERS\PAPA\MISSIONPLANNER\QTGSTREAMERHUD\DEBUG\VC100.PDB
